<?xml version="1.0" encoding="UTF-8"?>
<testsuite name="com.infernalsuite.asp.plugin.WarpPerformanceTest" tests="1" skipped="0" failures="1" errors="0" timestamp="2026-04-12T03:57:06.813Z" hostname="ATEM" time="3.534">
  <properties/>
  <testcase name="testWarpPerformance()" classname="com.infernalsuite.asp.plugin.WarpPerformanceTest" time="3.534">
    <failure message="org.mockbukkit.mockbukkit.exception.InternalDataLoadException: org.mockbukkit.mockbukkit.tags.internal.InternalTagMisconfigurationException: Invalid namespace key minecraft:chain" type="org.mockbukkit.mockbukkit.exception.InternalDataLoadException">org.mockbukkit.mockbukkit.exception.InternalDataLoadException: org.mockbukkit.mockbukkit.tags.internal.InternalTagMisconfigurationException: Invalid namespace key minecraft:chain
	at app//org.mockbukkit.mockbukkit.tags.internal.InternalTag.loadInternalTags(InternalTag.java:68)
	at app//org.mockbukkit.mockbukkit.ServerMock.&lt;init&gt;(ServerMock.java:226)
	at app//org.mockbukkit.mockbukkit.MockBukkit.mock(MockBukkit.java:69)
	at app//com.infernalsuite.asp.plugin.WarpPerformanceTest.setUp(WarpPerformanceTest.java:36)
	at java.base@21.0.7/java.lang.reflect.Method.invoke(Method.java:580)
	at java.base@21.0.7/java.util.ArrayList.forEach(ArrayList.java:1596)
	at java.base@21.0.7/java.util.ArrayList.forEach(ArrayList.java:1596)
Caused by: org.mockbukkit.mockbukkit.tags.internal.InternalTagMisconfigurationException: Invalid namespace key minecraft:chain
	at app//org.mockbukkit.mockbukkit.tags.internal.InternalTagParser.parseMaterial(InternalTagParser.java:83)
	at app//org.mockbukkit.mockbukkit.tags.internal.InternalTagParser.parseJsonArray(InternalTagParser.java:66)
	at app//org.mockbukkit.mockbukkit.tags.internal.InternalTagParser.parse(InternalTagParser.java:48)
	at app//org.mockbukkit.mockbukkit.tags.internal.InternalTagParser.insertInternalTagValues(InternalTagParser.java:40)
	at app//org.mockbukkit.mockbukkit.tags.internal.InternalTag.loadInternalTags(InternalTag.java:64)
	... 6 more
</failure>
  </testcase>
  <system-out><![CDATA[]]></system-out>
  <system-err><![CDATA[avr. 12, 2026 5:57:06 AM com.infernalsuite.asp.plugin.WarpPerformanceTest setUp
INFO: SlimeWorld class found on classpath!
]]></system-err>
</testsuite>
